  iteration  buy     world           em              emu sc
-----------  ------  --------------  --------------  --------------
          1  world   1000 (100.00%)  - (0.00%)       - (0.00%)
          2  world   2000 (100.00%)  - (0.00%)       - (0.00%)
          3  em      2000 (66.67%)   1000 (33.33%)   - (0.00%)
          4  world   3000 (75.00%)   1000 (25.00%)   - (0.00%)
          5  world   4000 (80.00%)   1000 (20.00%)   - (0.00%)
          6  emu sc  4000 (66.67%)   1000 (16.67%)   1000 (16.67%)
          7  world   5000 (71.43%)   1000 (14.29%)   1000 (14.29%)
          8  em      5000 (62.50%)   2000 (25.00%)   1000 (12.50%)
          9  world   6000 (66.67%)   2000 (22.22%)   1000 (11.11%)
         10  world   7000 (70.00%)   2000 (20.00%)   1000 (10.00%)
         11  world   8000 (72.73%)   2000 (18.18%)   1000 (9.09%)
         12  world   9000 (75.00%)   2000 (16.67%)   1000 (8.33%)
         13  em      9000 (69.23%)   3000 (23.08%)   1000 (7.69%)
         14  world   10000 (71.43%)  3000 (21.43%)   1000 (7.14%)
         15  emu sc  10000 (66.67%)  3000 (20.00%)   2000 (13.33%)
         16  world   11000 (68.75%)  3000 (18.75%)   2000 (12.50%)
         17  world   12000 (70.59%)  3000 (17.65%)   2000 (11.76%)
         18  em      12000 (66.67%)  4000 (22.22%)   2000 (11.11%)
         19  world   13000 (68.42%)  4000 (21.05%)   2000 (10.53%)
         20  world   14000 (70.00%)  4000 (20.00%)   2000 (10.00%)
         21  world   15000 (71.43%)  4000 (19.05%)   2000 (9.52%)
         22  world   16000 (72.73%)  4000 (18.18%)   2000 (9.09%)
         23  em      16000 (69.57%)  5000 (21.74%)   2000 (8.70%)
         24  world   17000 (70.83%)  5000 (20.83%)   2000 (8.33%)
         25  emu sc  17000 (68.00%)  5000 (20.00%)   3000 (12.00%)
         26  world   18000 (69.23%)  5000 (19.23%)   3000 (11.54%)
         27  world   19000 (70.37%)  5000 (18.52%)   3000 (11.11%)
         28  em      19000 (67.86%)  6000 (21.43%)   3000 (10.71%)
         29  world   20000 (68.97%)  6000 (20.69%)   3000 (10.34%)
         30  world   21000 (70.00%)  6000 (20.00%)   3000 (10.00%)
         31  world   22000 (70.97%)  6000 (19.35%)   3000 (9.68%)
         32  world   23000 (71.88%)  6000 (18.75%)   3000 (9.38%)
         33  em      23000 (69.70%)  7000 (21.21%)   3000 (9.09%)
         34  world   24000 (70.59%)  7000 (20.59%)   3000 (8.82%)
         35  emu sc  24000 (68.57%)  7000 (20.00%)   4000 (11.43%)
         36  world   25000 (69.44%)  7000 (19.44%)   4000 (11.11%)
         37  world   26000 (70.27%)  7000 (18.92%)   4000 (10.81%)
         38  em      26000 (68.42%)  8000 (21.05%)   4000 (10.53%)
         39  world   27000 (69.23%)  8000 (20.51%)   4000 (10.26%)
         40  world   28000 (70.00%)  8000 (20.00%)   4000 (10.00%)
         41  world   29000 (70.73%)  8000 (19.51%)   4000 (9.76%)
         42  world   30000 (71.43%)  8000 (19.05%)   4000 (9.52%)
         43  em      30000 (69.77%)  9000 (20.93%)   4000 (9.30%)
         44  world   31000 (70.45%)  9000 (20.45%)   4000 (9.09%)
         45  emu sc  31000 (68.89%)  9000 (20.00%)   5000 (11.11%)
         46  world   32000 (69.57%)  9000 (19.57%)   5000 (10.87%)
         47  world   33000 (70.21%)  9000 (19.15%)   5000 (10.64%)
         48  em      33000 (68.75%)  10000 (20.83%)  5000 (10.42%)
         49  world   34000 (69.39%)  10000 (20.41%)  5000 (10.20%)
         50  world   35000 (70.00%)  10000 (20.00%)  5000 (10.00%)
         51  world   36000 (70.59%)  10000 (19.61%)  5000 (9.80%)
         52  world   37000 (71.15%)  10000 (19.23%)  5000 (9.62%)
         53  em      37000 (69.81%)  11000 (20.75%)  5000 (9.43%)
         54  world   38000 (70.37%)  11000 (20.37%)  5000 (9.26%)
         55  emu sc  38000 (69.09%)  11000 (20.00%)  6000 (10.91%)
         56  world   39000 (69.64%)  11000 (19.64%)  6000 (10.71%)
         57  world   40000 (70.18%)  11000 (19.30%)  6000 (10.53%)
         58  em      40000 (68.97%)  12000 (20.69%)  6000 (10.34%)
         59  world   41000 (69.49%)  12000 (20.34%)  6000 (10.17%)
         60  world   42000 (70.00%)  12000 (20.00%)  6000 (10.00%)
         61  world   43000 (70.49%)  12000 (19.67%)  6000 (9.84%)
         62  world   44000 (70.97%)  12000 (19.35%)  6000 (9.68%)
         63  em      44000 (69.84%)  13000 (20.63%)  6000 (9.52%)
         64  world   45000 (70.31%)  13000 (20.31%)  6000 (9.38%)
         65  emu sc  45000 (69.23%)  13000 (20.00%)  7000 (10.77%)
         66  world   46000 (69.70%)  13000 (19.70%)  7000 (10.61%)
         67  world   47000 (70.15%)  13000 (19.40%)  7000 (10.45%)
         68  em      47000 (69.12%)  14000 (20.59%)  7000 (10.29%)
         69  world   48000 (69.57%)  14000 (20.29%)  7000 (10.14%)
         70  world   49000 (70.00%)  14000 (20.00%)  7000 (10.00%)
         71  world   50000 (70.42%)  14000 (19.72%)  7000 (9.86%)
         72  world   51000 (70.83%)  14000 (19.44%)  7000 (9.72%)
         73  em      51000 (69.86%)  15000 (20.55%)  7000 (9.59%)
         74  world   52000 (70.27%)  15000 (20.27%)  7000 (9.46%)
         75  emu sc  52000 (69.33%)  15000 (20.00%)  8000 (10.67%)
         76  world   53000 (69.74%)  15000 (19.74%)  8000 (10.53%)
         77  world   54000 (70.13%)  15000 (19.48%)  8000 (10.39%)
         78  em      54000 (69.23%)  16000 (20.51%)  8000 (10.26%)
         79  world   55000 (69.62%)  16000 (20.25%)  8000 (10.13%)
         80  world   56000 (70.00%)  16000 (20.00%)  8000 (10.00%)
         81  world   57000 (70.37%)  16000 (19.75%)  8000 (9.88%)
         82  world   58000 (70.73%)  16000 (19.51%)  8000 (9.76%)
         83  em      58000 (69.88%)  17000 (20.48%)  8000 (9.64%)
         84  world   59000 (70.24%)  17000 (20.24%)  8000 (9.52%)
         85  emu sc  59000 (69.41%)  17000 (20.00%)  9000 (10.59%)
         86  world   60000 (69.77%)  17000 (19.77%)  9000 (10.47%)
         87  world   61000 (70.11%)  17000 (19.54%)  9000 (10.34%)
         88  em      61000 (69.32%)  18000 (20.45%)  9000 (10.23%)
         89  world   62000 (69.66%)  18000 (20.22%)  9000 (10.11%)
         90  world   63000 (70.00%)  18000 (20.00%)  9000 (10.00%)
         91  world   64000 (70.33%)  18000 (19.78%)  9000 (9.89%)
         92  world   65000 (70.65%)  18000 (19.57%)  9000 (9.78%)
         93  em      65000 (69.89%)  19000 (20.43%)  9000 (9.68%)
         94  world   66000 (70.21%)  19000 (20.21%)  9000 (9.57%)
         95  emu sc  66000 (69.47%)  19000 (20.00%)  10000 (10.53%)
         96  world   67000 (69.79%)  19000 (19.79%)  10000 (10.42%)
         97  world   68000 (70.10%)  19000 (19.59%)  10000 (10.31%)
         98  em      68000 (69.39%)  20000 (20.41%)  10000 (10.20%)
         99  world   69000 (69.70%)  20000 (20.20%)  10000 (10.10%)
        100  world   70000 (70.00%)  20000 (20.00%)  10000 (10.00%)
